#! /usr/bin/vvp
:ivl_version "0.9.7 " "(v0_9_7)";
:vpi_time_precision - 11;
:vpi_module "system";
:vpi_module "v2005_math";
:vpi_module "va_math";
S_0x148ea20 .scope module, "mux4_1_tb" "mux4_1_tb" 2 3;
 .timescale -9 -11;
v0x14b5530_0 .var "test_a", 0 0;
v0x14b55b0_0 .var "test_b", 0 0;
v0x14b5630_0 .var "test_c_in", 0 0;
v0x14b5700_0 .net "test_c_out", 0 0, L_0x14b5aa0; 1 drivers
v0x14b57d0_0 .var "test_l", 0 0;
v0x14b58a0_0 .net "test_out", 0 0, L_0x14b6f90; 1 drivers
v0x14b5970_0 .var "test_s", 1 0;
S_0x148eb10 .scope module, "cal0" "cal" 2 10, 3 2, S_0x148ea20;
 .timescale -9 -11;
v0x14b4ef0_0 .net "a", 0 0, v0x14b5530_0; 1 drivers
v0x14b4fc0_0 .net "b", 0 0, v0x14b55b0_0; 1 drivers
v0x14b5090_0 .net "c_in", 0 0, v0x14b5630_0; 1 drivers
v0x14b5110_0 .alias "c_out", 0 0, v0x14b5700_0;
v0x14b51c0_0 .net "cl_output", 0 0, L_0x14b6750; 1 drivers
v0x14b5240_0 .net "fa_output", 0 0, L_0x14b5a40; 1 drivers
v0x14b5310_0 .net "l", 0 0, v0x14b57d0_0; 1 drivers
v0x14b5390_0 .alias "out", 0 0, v0x14b58a0_0;
v0x14b5460_0 .net "s", 1 0, v0x14b5970_0; 1 drivers
S_0x14b3a80 .scope module, "cl0" "cl" 3 7, 4 4, S_0x148eb10;
 .timescale -9 -11;
L_0x14b4300 .functor AND 1, v0x14b5530_0, v0x14b55b0_0, C4<1>, C4<1>;
L_0x14b5b60 .functor OR 1, v0x14b5530_0, v0x14b55b0_0, C4<0>, C4<0>;
L_0x14b5bc0 .functor XOR 1, v0x14b5530_0, v0x14b55b0_0, C4<0>, C4<0>;
L_0x14b5c20 .functor NOT 1, v0x14b5530_0, C4<0>, C4<0>, C4<0>;
v0x14b4810_0 .alias "a", 0 0, v0x14b4ef0_0;
v0x14b4a30_0 .net "a0o", 0 0, L_0x14b4300; 1 drivers
v0x14b4ae0_0 .alias "b", 0 0, v0x14b4fc0_0;
v0x14b4b90_0 .net "n0o", 0 0, L_0x14b5c20; 1 drivers
v0x14b4c70_0 .net "o0o", 0 0, L_0x14b5b60; 1 drivers
v0x14b4d20_0 .alias "out", 0 0, v0x14b51c0_0;
v0x14b4da0_0 .alias "s", 1 0, v0x14b5460_0;
v0x14b4e20_0 .net "x0o", 0 0, L_0x14b5bc0; 1 drivers
S_0x14b3b70 .scope module, "multiplexor4_1" "mux4_1" 4 15, 5 2, S_0x14b3a80;
 .timescale -9 -11;
L_0x14b5cd0 .functor NOT 1, L_0x14b5d30, C4<0>, C4<0>, C4<0>;
L_0x14b5eb0 .functor NOT 1, L_0x14b5f10, C4<0>, C4<0>, C4<0>;
L_0x14b5fb0 .functor AND 1, L_0x14b4300, L_0x14b5eb0, L_0x14b5cd0, C4<1>;
L_0x14b60b0 .functor AND 1, L_0x14b5b60, L_0x14b5eb0, L_0x14b6110, C4<1>;
L_0x14b6200 .functor AND 1, L_0x14b5bc0, L_0x14b6260, L_0x14b5cd0, C4<1>;
L_0x14b6350 .functor AND 1, L_0x14b5c20, L_0x14b64b0, L_0x14b66b0, C4<1>;
L_0x14b6750 .functor OR 1, L_0x14b5fb0, L_0x14b60b0, L_0x14b6200, L_0x14b6350;
v0x14b3c60_0 .net *"_s1", 0 0, L_0x14b5d30; 1 drivers
v0x14b3d20_0 .net *"_s11", 0 0, L_0x14b66b0; 1 drivers
v0x14b3dc0_0 .net *"_s3", 0 0, L_0x14b5f10; 1 drivers
v0x14b3e60_0 .net *"_s5", 0 0, L_0x14b6110; 1 drivers
v0x14b3f10_0 .net *"_s7", 0 0, L_0x14b6260; 1 drivers
v0x14b3fb0_0 .net *"_s9", 0 0, L_0x14b64b0; 1 drivers
v0x14b4050_0 .alias "a", 0 0, v0x14b4a30_0;
v0x14b40f0_0 .net "a0o", 0 0, L_0x14b5fb0; 1 drivers
v0x14b41e0_0 .net "a1o", 0 0, L_0x14b60b0; 1 drivers
v0x14b4280_0 .net "a2o", 0 0, L_0x14b6200; 1 drivers
v0x14b4380_0 .net "a3o", 0 0, L_0x14b6350; 1 drivers
v0x14b4420_0 .alias "b", 0 0, v0x14b4c70_0;
v0x14b4530_0 .alias "c", 0 0, v0x14b4e20_0;
v0x14b45d0_0 .alias "d", 0 0, v0x14b4b90_0;
v0x14b46f0_0 .net "n0o", 0 0, L_0x14b5cd0; 1 drivers
v0x14b4790_0 .net "n1o", 0 0, L_0x14b5eb0; 1 drivers
v0x14b4650_0 .alias "out", 0 0, v0x14b51c0_0;
v0x14b48c0_0 .alias "s", 1 0, v0x14b5460_0;
L_0x14b5d30 .part v0x14b5970_0, 0, 1;
L_0x14b5f10 .part v0x14b5970_0, 1, 1;
L_0x14b6110 .part v0x14b5970_0, 0, 1;
L_0x14b6260 .part v0x14b5970_0, 1, 1;
L_0x14b64b0 .part v0x14b5970_0, 1, 1;
L_0x14b66b0 .part v0x14b5970_0, 0, 1;
S_0x14b3440 .scope module, "fa0" "fa" 3 8, 6 2, S_0x148eb10;
 .timescale -9 -11;
L_0x14b6930 .functor XOR 1, v0x14b5530_0, v0x14b55b0_0, C4<0>, C4<0>;
L_0x14b5a40 .functor XOR 1, L_0x14b6930, v0x14b5630_0, C4<0>, C4<0>;
L_0x14b6af0 .functor AND 1, L_0x14b6930, v0x14b5630_0, C4<1>, C4<1>;
L_0x14b6be0 .functor AND 1, v0x14b5530_0, v0x14b55b0_0, C4<1>, C4<1>;
L_0x14b5aa0 .functor OR 1, L_0x14b6af0, L_0x14b6be0, C4<0>, C4<0>;
v0x14b3530_0 .alias "a", 0 0, v0x14b4ef0_0;
v0x14b35f0_0 .net "a_and_b", 0 0, L_0x14b6be0; 1 drivers
v0x14b3690_0 .net "a_xor_b", 0 0, L_0x14b6930; 1 drivers
v0x14b3730_0 .alias "b", 0 0, v0x14b4fc0_0;
v0x14b37b0_0 .alias "cin", 0 0, v0x14b5090_0;
v0x14b3850_0 .alias "cout", 0 0, v0x14b5700_0;
v0x14b3930_0 .alias "sum", 0 0, v0x14b5240_0;
v0x14b39b0_0 .net "z_and_c", 0 0, L_0x14b6af0; 1 drivers
S_0x1490580 .scope module, "mux2_10" "mux2_1" 3 10, 7 2, S_0x148eb10;
 .timescale -9 -11;
L_0x14b6d50 .functor NOT 1, v0x14b57d0_0, C4<0>, C4<0>, C4<0>;
L_0x14b6db0 .functor AND 1, L_0x14b5a40, L_0x14b6d50, C4<1>, C4<1>;
L_0x14b6ea0 .functor AND 1, L_0x14b6750, v0x14b57d0_0, C4<1>, C4<1>;
L_0x14b6f90 .functor OR 1, L_0x14b6db0, L_0x14b6ea0, C4<0>, C4<0>;
v0x1495d80_0 .alias "a", 0 0, v0x14b5240_0;
v0x14b3030_0 .alias "b", 0 0, v0x14b51c0_0;
v0x14b30d0_0 .alias "out", 0 0, v0x14b58a0_0;
v0x14b3170_0 .alias "s", 0 0, v0x14b5310_0;
v0x14b3220_0 .net "s_n", 0 0, L_0x14b6d50; 1 drivers
v0x14b32c0_0 .net "sa", 0 0, L_0x14b6db0; 1 drivers
v0x14b33a0_0 .net "sb", 0 0, L_0x14b6ea0; 1 drivers
    .scope S_0x148ea20;
T_0 ;
    %vpi_call 2 15 "$monitor", "tiempo=%0d out=%b c_out=%b a=%b b=%b l=%b c_in=%b s=%b", $time, v0x14b58a0_0, v0x14b5700_0, v0x14b5530_0, v0x14b55b0_0, v0x14b57d0_0, v0x14b5630_0, v0x14b5970_0;
    %vpi_call 2 16 "$dumpfile", "cal.vcd";
    %vpi_call 2 17 "$dumpvars";
    %set/v v0x14b5970_0, 0, 2;
    %set/v v0x14b5530_0, 0, 1;
    %set/v v0x14b55b0_0, 0, 1;
    %set/v v0x14b57d0_0, 0, 1;
    %set/v v0x14b5630_0, 0, 1;
    %delay 2000, 0;
    %set/v v0x14b5970_0, 0, 2;
    %set/v v0x14b5530_0, 1, 1;
    %set/v v0x14b55b0_0, 0, 1;
    %set/v v0x14b57d0_0, 0, 1;
    %set/v v0x14b5630_0, 0, 1;
    %delay 2000, 0;
    %set/v v0x14b5970_0, 0, 2;
    %set/v v0x14b5530_0, 0, 1;
    %set/v v0x14b55b0_0, 1, 1;
    %set/v v0x14b57d0_0, 0, 1;
    %set/v v0x14b5630_0, 0, 1;
    %delay 2000, 0;
    %set/v v0x14b5970_0, 0, 2;
    %set/v v0x14b5530_0, 1, 1;
    %set/v v0x14b55b0_0, 1, 1;
    %set/v v0x14b57d0_0, 0, 1;
    %set/v v0x14b5630_0, 0, 1;
    %delay 2000, 0;
    %set/v v0x14b5970_0, 0, 2;
    %set/v v0x14b5530_0, 0, 1;
    %set/v v0x14b55b0_0, 0, 1;
    %set/v v0x14b57d0_0, 0, 1;
    %set/v v0x14b5630_0, 1, 1;
    %delay 2000, 0;
    %set/v v0x14b5970_0, 0, 2;
    %set/v v0x14b5530_0, 1, 1;
    %set/v v0x14b55b0_0, 0, 1;
    %set/v v0x14b57d0_0, 0, 1;
    %set/v v0x14b5630_0, 1, 1;
    %delay 2000, 0;
    %set/v v0x14b5970_0, 0, 2;
    %set/v v0x14b5530_0, 0, 1;
    %set/v v0x14b55b0_0, 1, 1;
    %set/v v0x14b57d0_0, 0, 1;
    %set/v v0x14b5630_0, 1, 1;
    %delay 2000, 0;
    %set/v v0x14b5970_0, 0, 2;
    %set/v v0x14b5530_0, 1, 1;
    %set/v v0x14b55b0_0, 1, 1;
    %set/v v0x14b57d0_0, 0, 1;
    %set/v v0x14b5630_0, 1, 1;
    %set/v v0x14b5970_0, 0, 2;
    %set/v v0x14b5530_0, 0, 1;
    %set/v v0x14b55b0_0, 0, 1;
    %set/v v0x14b57d0_0, 1, 1;
    %set/v v0x14b5630_0, 0, 1;
    %delay 2000, 0;
    %set/v v0x14b5970_0, 0, 2;
    %set/v v0x14b5530_0, 1, 1;
    %set/v v0x14b55b0_0, 0, 1;
    %set/v v0x14b57d0_0, 1, 1;
    %set/v v0x14b5630_0, 0, 1;
    %delay 2000, 0;
    %set/v v0x14b5970_0, 0, 2;
    %set/v v0x14b5530_0, 0, 1;
    %set/v v0x14b55b0_0, 1, 1;
    %set/v v0x14b57d0_0, 1, 1;
    %set/v v0x14b5630_0, 0, 1;
    %delay 2000, 0;
    %set/v v0x14b5970_0, 0, 2;
    %set/v v0x14b5530_0, 1, 1;
    %set/v v0x14b55b0_0, 1, 1;
    %set/v v0x14b57d0_0, 1, 1;
    %set/v v0x14b5630_0, 0, 1;
    %delay 2000, 0;
    %movi 8, 1, 2;
    %set/v v0x14b5970_0, 8, 2;
    %set/v v0x14b5530_0, 0, 1;
    %set/v v0x14b55b0_0, 0, 1;
    %set/v v0x14b57d0_0, 1, 1;
    %set/v v0x14b5630_0, 0, 1;
    %delay 2000, 0;
    %movi 8, 1, 2;
    %set/v v0x14b5970_0, 8, 2;
    %set/v v0x14b5530_0, 1, 1;
    %set/v v0x14b55b0_0, 0, 1;
    %set/v v0x14b57d0_0, 1, 1;
    %set/v v0x14b5630_0, 0, 1;
    %delay 2000, 0;
    %movi 8, 1, 2;
    %set/v v0x14b5970_0, 8, 2;
    %set/v v0x14b5530_0, 0, 1;
    %set/v v0x14b55b0_0, 1, 1;
    %set/v v0x14b57d0_0, 1, 1;
    %set/v v0x14b5630_0, 0, 1;
    %delay 2000, 0;
    %movi 8, 1, 2;
    %set/v v0x14b5970_0, 8, 2;
    %set/v v0x14b5530_0, 1, 1;
    %set/v v0x14b55b0_0, 1, 1;
    %set/v v0x14b57d0_0, 1, 1;
    %set/v v0x14b5630_0, 0, 1;
    %delay 2000, 0;
    %movi 8, 2, 2;
    %set/v v0x14b5970_0, 8, 2;
    %set/v v0x14b5530_0, 0, 1;
    %set/v v0x14b55b0_0, 0, 1;
    %set/v v0x14b57d0_0, 1, 1;
    %set/v v0x14b5630_0, 0, 1;
    %delay 2000, 0;
    %movi 8, 2, 2;
    %set/v v0x14b5970_0, 8, 2;
    %set/v v0x14b5530_0, 1, 1;
    %set/v v0x14b55b0_0, 0, 1;
    %set/v v0x14b57d0_0, 1, 1;
    %set/v v0x14b5630_0, 0, 1;
    %delay 2000, 0;
    %movi 8, 2, 2;
    %set/v v0x14b5970_0, 8, 2;
    %set/v v0x14b5530_0, 0, 1;
    %set/v v0x14b55b0_0, 1, 1;
    %set/v v0x14b57d0_0, 1, 1;
    %set/v v0x14b5630_0, 0, 1;
    %delay 2000, 0;
    %movi 8, 2, 2;
    %set/v v0x14b5970_0, 8, 2;
    %set/v v0x14b5530_0, 1, 1;
    %set/v v0x14b55b0_0, 1, 1;
    %set/v v0x14b57d0_0, 1, 1;
    %set/v v0x14b5630_0, 0, 1;
    %delay 2000, 0;
    %set/v v0x14b5970_0, 1, 2;
    %set/v v0x14b5530_0, 0, 1;
    %set/v v0x14b55b0_0, 0, 1;
    %set/v v0x14b57d0_0, 1, 1;
    %set/v v0x14b5630_0, 0, 1;
    %delay 2000, 0;
    %set/v v0x14b5970_0, 1, 2;
    %set/v v0x14b5530_0, 1, 1;
    %set/v v0x14b55b0_0, 0, 1;
    %set/v v0x14b57d0_0, 1, 1;
    %set/v v0x14b5630_0, 0, 1;
    %delay 2000, 0;
    %set/v v0x14b5970_0, 1, 2;
    %set/v v0x14b5530_0, 0, 1;
    %set/v v0x14b55b0_0, 1, 1;
    %set/v v0x14b57d0_0, 1, 1;
    %set/v v0x14b5630_0, 0, 1;
    %delay 2000, 0;
    %set/v v0x14b5970_0, 1, 2;
    %set/v v0x14b5530_0, 1, 1;
    %set/v v0x14b55b0_0, 1, 1;
    %set/v v0x14b57d0_0, 1, 1;
    %set/v v0x14b5630_0, 0, 1;
    %vpi_call 2 169 "$finish";
    %end;
    .thread T_0;
# The file index is used to find the file name in the following table.
:file_names 8;
    "N/A";
    "<interactive>";
    "cal_tb.v";
    "cal.v";
    "cl.v";
    "mux4_1.v";
    "fa.v";
    "mux2_1.v";
