#! /usr/bin/vvp
:ivl_version "0.9.7 " "(v0_9_7)";
:vpi_time_precision - 11;
:vpi_module "system";
:vpi_module "v2005_math";
:vpi_module "va_math";
S_0x1e572e0 .scope module, "compl1_tb" "compl1_tb" 2 3;
 .timescale -9 -11;
v0x1e67810_0 .var "test_a", 3 0;
v0x1e678b0_0 .net "test_out", 3 0, L_0x1e67de0; 1 drivers
v0x1e67960_0 .var "test_s", 0 0;
S_0x1e573d0 .scope module, "complementador_1" "compl1" 2 10, 3 2, S_0x1e572e0;
 .timescale -9 -11;
L_0x1e67d30 .functor NOT 4, v0x1e67810_0, C4<0000>, C4<0000>, C4<0000>;
v0x1e574c0_0 .net "Ent", 3 0, v0x1e67810_0; 1 drivers
v0x1e67310_0 .alias "Sal", 3 0, v0x1e678b0_0;
v0x1e673b0_0 .net *"_s0", 1 0, L_0x1e67a10; 1 drivers
v0x1e67450_0 .net *"_s3", 0 0, C4<0>; 1 drivers
v0x1e67500_0 .net *"_s4", 1 0, C4<00>; 1 drivers
v0x1e675a0_0 .net *"_s6", 0 0, L_0x1e67bc0; 1 drivers
v0x1e67680_0 .net *"_s8", 3 0, L_0x1e67d30; 1 drivers
v0x1e67720_0 .net "cpl", 0 0, v0x1e67960_0; 1 drivers
L_0x1e67a10 .concat [ 1 1 0 0], v0x1e67960_0, C4<0>;
L_0x1e67bc0 .cmp/eq 2, L_0x1e67a10, C4<00>;
L_0x1e67de0 .functor MUXZ 4, L_0x1e67d30, v0x1e67810_0, L_0x1e67bc0, C4<>;
    .scope S_0x1e572e0;
T_0 ;
    %vpi_call 2 14 "$monitor", "tiempo=%0d s=%b a=%b out=%b", $time, v0x1e67960_0, v0x1e67810_0, v0x1e678b0_0;
    %vpi_call 2 15 "$dumpfile", "compl1.vcd";
    %vpi_call 2 16 "$dumpvars";
    %set/v v0x1e67960_0, 0, 1;
    %movi 8, 1, 4;
    %set/v v0x1e67810_0, 8, 4;
    %delay 2000, 0;
    %set/v v0x1e67960_0, 0, 1;
    %movi 8, 4, 4;
    %set/v v0x1e67810_0, 8, 4;
    %delay 2000, 0;
    %set/v v0x1e67960_0, 1, 1;
    %movi 8, 1, 4;
    %set/v v0x1e67810_0, 8, 4;
    %delay 2000, 0;
    %set/v v0x1e67960_0, 1, 1;
    %movi 8, 4, 4;
    %set/v v0x1e67810_0, 8, 4;
    %delay 2000, 0;
    %vpi_call 2 31 "$finish";
    %end;
    .thread T_0;
# The file index is used to find the file name in the following table.
:file_names 4;
    "N/A";
    "<interactive>";
    "compl1_tb.v";
    "compl1.v";
