#! /usr/bin/vvp
:ivl_version "0.9.7 " "(v0_9_7)";
:vpi_time_precision - 11;
:vpi_module "system";
:vpi_module "v2005_math";
:vpi_module "va_math";
S_0xfe4ce0 .scope module, "mux2_4_tb" "mux2_4_tb" 2 3;
 .timescale -9 -11;
v0x10185a0_0 .var "test_a", 4 0;
v0x1018640_0 .var "test_b", 4 0;
v0x10186f0_0 .net "test_out", 4 0, L_0x1018ba0; 1 drivers
v0x10187a0_0 .var "test_s", 0 0;
S_0xfe4dd0 .scope module, "multiplexor2_4" "mux2_4" 2 10, 3 2, S_0xfe4ce0;
 .timescale -9 -11;
v0xfe2bd0_0 .net *"_s0", 1 0, L_0x1018880; 1 drivers
v0x10180a0_0 .net *"_s3", 0 0, C4<0>; 1 drivers
v0x1018140_0 .net *"_s4", 1 0, C4<00>; 1 drivers
v0x10181e0_0 .net *"_s6", 0 0, L_0x1018a30; 1 drivers
v0x1018290_0 .net "a", 4 0, v0x10185a0_0; 1 drivers
v0x1018330_0 .net "b", 4 0, v0x1018640_0; 1 drivers
v0x1018410_0 .alias "out", 4 0, v0x10186f0_0;
v0x10184b0_0 .net "s", 0 0, v0x10187a0_0; 1 drivers
L_0x1018880 .concat [ 1 1 0 0], v0x10187a0_0, C4<0>;
L_0x1018a30 .cmp/eq 2, L_0x1018880, C4<00>;
L_0x1018ba0 .functor MUXZ 5, v0x1018640_0, v0x10185a0_0, L_0x1018a30, C4<>;
    .scope S_0xfe4ce0;
T_0 ;
    %vpi_call 2 14 "$monitor", "tiempo=%0d s=%b a=%b b=%b out=%b", $time, v0x10187a0_0, v0x10185a0_0, v0x1018640_0, v0x10186f0_0;
    %vpi_call 2 15 "$dumpfile", "mux2_4.vcd";
    %vpi_call 2 16 "$dumpvars";
    %set/v v0x10187a0_0, 0, 1;
    %set/v v0x10185a0_0, 0, 5;
    %set/v v0x1018640_0, 0, 5;
    %delay 2000, 0;
    %set/v v0x10187a0_0, 0, 1;
    %movi 8, 12, 5;
    %set/v v0x10185a0_0, 8, 5;
    %set/v v0x1018640_0, 0, 5;
    %delay 2000, 0;
    %set/v v0x10187a0_0, 0, 1;
    %set/v v0x10185a0_0, 0, 5;
    %movi 8, 6, 5;
    %set/v v0x1018640_0, 8, 5;
    %delay 2000, 0;
    %set/v v0x10187a0_0, 1, 1;
    %set/v v0x10185a0_0, 0, 5;
    %movi 8, 5, 5;
    %set/v v0x1018640_0, 8, 5;
    %delay 2000, 0;
    %vpi_call 2 35 "$finish";
    %end;
    .thread T_0;
# The file index is used to find the file name in the following table.
:file_names 4;
    "N/A";
    "<interactive>";
    "mux2_4_tb.v";
    "mux2_4.v";
